2/6/2023 10:49:19 AM	This log contains information about the import schema operation into project 'sqlserverDatabase' on computer 'DESKTOP-PR-23' by user 'narenlingam.p'.
2/6/2023 10:49:20 AM	Import of database schema has started.
2/6/2023 10:49:27 AM	Gathering database credentials
2/6/2023 10:49:27 AM	Gathering database options
2/6/2023 10:49:27 AM	Gathering generic database scoped configuration option
2/6/2023 10:49:27 AM	Gathering users
2/6/2023 10:49:27 AM	Gathering roles
2/6/2023 10:49:27 AM	Gathering application roles
2/6/2023 10:49:27 AM	Gathering role memberships
2/6/2023 10:49:27 AM	Gathering filegroups
2/6/2023 10:49:28 AM	Gathering full-text catalogs
2/6/2023 10:49:28 AM	Gathering assemblies
2/6/2023 10:49:28 AM	Gathering certificates
2/6/2023 10:49:28 AM	Gathering asymmetric keys
2/6/2023 10:49:28 AM	Gathering symmetric keys
2/6/2023 10:49:28 AM	Gathering encrypted symmetric keys
2/6/2023 10:49:28 AM	Gathering schemas
2/6/2023 10:49:28 AM	Gathering XML schema collections
2/6/2023 10:49:28 AM	Gathering user-defined data types
2/6/2023 10:49:28 AM	Gathering user-defined types
2/6/2023 10:49:28 AM	Gathering table types
2/6/2023 10:49:28 AM	Gathering unique keys for table types
2/6/2023 10:49:28 AM	Gathering primary keys for table types
2/6/2023 10:49:28 AM	Gathering indexes for table types
2/6/2023 10:49:28 AM	Gathering check constraints for table types
2/6/2023 10:49:28 AM	Gathering default constraints for table types
2/6/2023 10:49:28 AM	Gathering partition functions
2/6/2023 10:49:28 AM	Gathering partition schemes
2/6/2023 10:49:28 AM	Gathering functions
2/6/2023 10:49:28 AM	Gathering encrypted functions
2/6/2023 10:49:28 AM	Gathering aggregates
2/6/2023 10:49:28 AM	Gathering procedures
2/6/2023 10:49:28 AM	Gathering encrypted procedures
2/6/2023 10:49:28 AM	Gathering tables
2/6/2023 10:49:28 AM	Gathering primary keys
2/6/2023 10:49:28 AM	Gathering unique constraints
2/6/2023 10:49:28 AM	Gathering foreign keys
2/6/2023 10:49:28 AM	Gathering default constraints
2/6/2023 10:49:28 AM	Gathering check constraints
2/6/2023 10:49:28 AM	Gathering views
2/6/2023 10:49:28 AM	Gathering encrypted views
2/6/2023 10:49:28 AM	Gathering indexes
2/6/2023 10:49:28 AM	Gathering statistics
2/6/2023 10:49:28 AM	Gathering full-text index stoplists
2/6/2023 10:49:28 AM	Gathering search property lists
2/6/2023 10:49:28 AM	Gathering search properties
2/6/2023 10:49:28 AM	Gathering full-text indexes
2/6/2023 10:49:28 AM	Gathering column store indexes
2/6/2023 10:49:28 AM	Gathering spatial indexes
2/6/2023 10:49:28 AM	Gathering XML indexes
2/6/2023 10:49:28 AM	Gathering Selective XML indexes
2/6/2023 10:49:28 AM	Gathering encrypted triggers
2/6/2023 10:49:28 AM	Gathering triggers
2/6/2023 10:49:28 AM	Gathering encrypted and clr ddl triggers
2/6/2023 10:49:28 AM	Gathering ddl triggers
2/6/2023 10:49:28 AM	Creating edge constraints
2/6/2023 10:49:28 AM	Gathering synonyms
2/6/2023 10:49:28 AM	Gathering defaults
2/6/2023 10:49:28 AM	Gathering data constraint uddt bindings
2/6/2023 10:49:28 AM	Gathering rules
2/6/2023 10:49:28 AM	Gathering data constraint uddt bindings
2/6/2023 10:49:28 AM	Gathering message types
2/6/2023 10:49:28 AM	Gathering queues
2/6/2023 10:49:28 AM	Gathering contracts
2/6/2023 10:49:28 AM	Gathering services
2/6/2023 10:49:28 AM	Gathering event notifications
2/6/2023 10:49:28 AM	Gathering remote service bindings
2/6/2023 10:49:28 AM	Gathering broker priorities
2/6/2023 10:49:28 AM	Gathering signatures
2/6/2023 10:49:28 AM	Gathering data compression options
2/6/2023 10:49:28 AM	Gathering sequence types
2/6/2023 10:49:28 AM	Gathering security policies
2/6/2023 10:49:28 AM	Gather column encryption keys
2/6/2023 10:49:28 AM	Gathering column master keys
2/6/2023 10:49:28 AM	Gathering external data sources
2/6/2023 10:49:28 AM	Gathering external file formats
2/6/2023 10:49:28 AM	Gathering external tables
2/6/2023 10:49:28 AM	Gathering extended properties
2/6/2023 10:49:28 AM	Gathering assemblies
2/6/2023 10:49:28 AM	Gathering credentials
2/6/2023 10:49:28 AM	Gathering logins
2/6/2023 10:49:28 AM	Gathering server audits
2/6/2023 10:49:28 AM	Finished importing database.
2/6/2023 10:49:28 AM	A summary of the import was saved to the following location: C:\Users\narenlingam.p\source\repos\sqlserverDatabase\sqlserverDatabase\Import Schema Logs\sqlserverDatabase_20230206051919.log
2/6/2023 10:49:28 AM	Click Finish to continue...
